CCS PCM C Compiler, Version 5.112, 5967               03-ago-25 13:21

               Filename:   C:\Temp\Codigos MicroControladores\Codigos\piscaLed\main.lst

               ROM used:   58 words (3%)
                           Largest free fragment is 1990
               RAM used:   6 (3%) at main() level
                           7 (3%) worst case
               Stack used: 0 locations
               Stack size: 8

*
0000:  MOVLW  00
0001:  MOVWF  0A
0002:  GOTO   019
0003:  NOP
.................... #include<16F628a.h> //Incluindo o MicroControlador
.................... //////////// Standard Header file for the PIC16F628A device ////////////////
.................... ///////////////////////////////////////////////////////////////////////////
.................... ////        (C) Copyright 1996, 2020 Custom Computer Services          ////
.................... //// This source code may only be used by licensed users of the CCS C  ////
.................... //// compiler.  This source code may only be distributed to other      ////
.................... //// licensed users of the CCS C compiler.  No other use, reproduction ////
.................... //// or distribution is permitted without written permission.          ////
.................... //// Derivative programs created using this software in object code    ////
.................... //// form are not restricted in any way.                               ////
.................... ///////////////////////////////////////////////////////////////////////////
.................... #device PIC16F628A
.................... 
.................... #list
.................... 
.................... //Carrega a biblioteca para o microcontrolador PIC16F628A
.................... #include <16F628A.h>
.................... //////////// Standard Header file for the PIC16F628A device ////////////////
.................... ///////////////////////////////////////////////////////////////////////////
.................... ////        (C) Copyright 1996, 2020 Custom Computer Services          ////
.................... //// This source code may only be used by licensed users of the CCS C  ////
.................... //// compiler.  This source code may only be distributed to other      ////
.................... //// licensed users of the CCS C compiler.  No other use, reproduction ////
.................... //// or distribution is permitted without written permission.          ////
.................... //// Derivative programs created using this software in object code    ////
.................... //// form are not restricted in any way.                               ////
.................... ///////////////////////////////////////////////////////////////////////////
.................... #device PIC16F628A
.................... 
.................... #list
.................... 
....................  
.................... //Configuracao FUSES
.................... #FUSES NOWDT
.................... #FUSES INTRC_IO
.................... #FUSES NOPUT
.................... #FUSES NOPROTECT
.................... #FUSES NOBROWNOUT
.................... #FUSES NOMCLR
.................... #FUSES NOLVP
.................... #FUSES NOCPD
.................... 
.................... //Define a utilização do clock interno de 4 Mhz
.................... #use delay(clock=4000000)
0004:  MOVLW  22
0005:  MOVWF  04
0006:  BCF    03.7
0007:  MOVF   00,W
0008:  BTFSC  03.2
0009:  GOTO   018
000A:  MOVLW  01
000B:  MOVWF  78
000C:  CLRF   77
000D:  DECFSZ 77,F
000E:  GOTO   00D
000F:  DECFSZ 78,F
0010:  GOTO   00C
0011:  MOVLW  4A
0012:  MOVWF  77
0013:  DECFSZ 77,F
0014:  GOTO   013
0015:  GOTO   016
0016:  DECFSZ 00,F
0017:  GOTO   00A
0018:  RETURN
....................  
.................... #define PINOLED PIN_A1 //Pino ao qual o led esta ligado
.................... 
.................... 
.................... 
.................... void main()
0019:  MOVF   03,W
001A:  ANDLW  1F
001B:  MOVWF  03
001C:  BSF    03.5
001D:  BSF    0E.3
001E:  MOVLW  07
001F:  BCF    03.5
0020:  MOVWF  1F
0021:  BCF    03.7
.................... {
.................... 	while (1)
.................... 	 {
.................... 	  output_bit(PINOLED, TRUE); // Liga o Led
0022:  BSF    05.1
0023:  BSF    03.5
0024:  BCF    05.1
.................... 	  delay_ms(5000); // Aguarda 3 segundos
0025:  MOVLW  14
0026:  BCF    03.5
0027:  MOVWF  21
0028:  MOVLW  FA
0029:  MOVWF  22
002A:  CALL   004
002B:  DECFSZ 21,F
002C:  GOTO   028
.................... 	  output_bit(PINOLED, FALSE); // Desliga o Led
002D:  BCF    05.1
002E:  BSF    03.5
002F:  BCF    05.1
.................... 	  delay_ms(2000); // Aguarda 2 segundos
0030:  MOVLW  08
0031:  BCF    03.5
0032:  MOVWF  21
0033:  MOVLW  FA
0034:  MOVWF  22
0035:  CALL   004
0036:  DECFSZ 21,F
0037:  GOTO   033
0038:  GOTO   022
.................... 	 }
.................... }
0039:  SLEEP

Configuration Fuses:
   Word  1: 3F18   NOWDT NOPUT INTRC_IO NOMCLR NOBROWNOUT NOLVP NOCPD NOPROTECT
