Compiling C:\Temp\Codigos MicroControladores\Codigos\piscaLed\main on 03-ago-25 at 13:21
>>> Warning 225 "C:\Program Files (x86)\PICC\devices\16F628A.h" Line 59(15,19): Duplicate #define
>>> Warning 225 "C:\Program Files (x86)\PICC\devices\16F628A.h" Line 60(15,19): Duplicate #define
>>> Warning 225 "C:\Program Files (x86)\PICC\devices\16F628A.h" Line 61(15,19): Duplicate #define
>>> Warning 225 "C:\Program Files (x86)\PICC\devices\16F628A.h" Line 62(15,19): Duplicate #define
>>> Warning 225 "C:\Program Files (x86)\PICC\devices\16F628A.h" Line 63(15,19): Duplicate #define
>>> Warning 225 "C:\Program Files (x86)\PICC\devices\16F628A.h" Line 64(15,19): Duplicate #define
>>> Warning 225 "C:\Program Files (x86)\PICC\devices\16F628A.h" Line 65(15,19): Duplicate #define
>>> Warning 225 "C:\Program Files (x86)\PICC\devices\16F628A.h" Line 66(15,19): Duplicate #define
>>> Warning 225 "C:\Program Files (x86)\PICC\devices\16F628A.h" Line 68(15,19): Duplicate #define
>>> Warning 225 "C:\Program Files (x86)\PICC\devices\16F628A.h" Line 69(15,19): Duplicate #define
>>> Warning 225 "C:\Program Files (x86)\PICC\devices\16F628A.h" Line 70(15,19): Duplicate #define
>>> Warning 225 "C:\Program Files (x86)\PICC\devices\16F628A.h" Line 71(15,19): Duplicate #define
>>> Warning 225 "C:\Program Files (x86)\PICC\devices\16F628A.h" Line 72(15,19): Duplicate #define
>>> Warning 225 "C:\Program Files (x86)\PICC\devices\16F628A.h" Line 73(15,19): Duplicate #define
>>> Warning 225 "C:\Program Files (x86)\PICC\devices\16F628A.h" Line 74(15,19): Duplicate #define
>>> Warning 225 "C:\Program Files (x86)\PICC\devices\16F628A.h" Line 75(15,19): Duplicate #define
>>> Warning 225 "C:\Program Files (x86)\PICC\devices\16F628A.h" Line 78(14,16): Duplicate #define
>>> Warning 225 "C:\Program Files (x86)\PICC\devices\16F628A.h" Line 79(13,15): Duplicate #define
>>> Warning 225 "C:\Program Files (x86)\PICC\devices\16F628A.h" Line 81(13,18): Duplicate #define
>>> Warning 225 "C:\Program Files (x86)\PICC\devices\16F628A.h" Line 82(16,21): Duplicate #define
>>> Warning 225 "C:\Program Files (x86)\PICC\devices\16F628A.h" Line 84(13,19): Duplicate #define
>>> Warning 225 "C:\Program Files (x86)\PICC\devices\16F628A.h" Line 85(14,20): Duplicate #define
>>> Warning 225 "C:\Program Files (x86)\PICC\devices\16F628A.h" Line 86(16,22): Duplicate #define
>>> Warning 225 "C:\Program Files (x86)\PICC\devices\16F628A.h" Line 87(13,21): Duplicate #define
>>> Warning 225 "C:\Program Files (x86)\PICC\devices\16F628A.h" Line 88(14,22): Duplicate #define
>>> Warning 225 "C:\Program Files (x86)\PICC\devices\16F628A.h" Line 89(14,19): Duplicate #define
>>> Warning 225 "C:\Program Files (x86)\PICC\devices\16F628A.h" Line 90(14,19): Duplicate #define
>>> Warning 225 "C:\Program Files (x86)\PICC\devices\16F628A.h" Line 99(23,32): Duplicate #define
>>> Warning 225 "C:\Program Files (x86)\PICC\devices\16F628A.h" Line 100(20,32): Duplicate #define
>>> Warning 225 "C:\Program Files (x86)\PICC\devices\16F628A.h" Line 101(24,32): Duplicate #define
>>> Warning 225 "C:\Program Files (x86)\PICC\devices\16F628A.h" Line 102(22,32): Duplicate #define
>>> Warning 225 "C:\Program Files (x86)\PICC\devices\16F628A.h" Line 103(24,32): Duplicate #define
>>> Warning 225 "C:\Program Files (x86)\PICC\devices\16F628A.h" Line 104(25,32): Duplicate #define
>>> Warning 225 "C:\Program Files (x86)\PICC\devices\16F628A.h" Line 118(20,27): Duplicate #define
>>> Warning 225 "C:\Program Files (x86)\PICC\devices\16F628A.h" Line 119(22,25): Duplicate #define
>>> Warning 225 "C:\Program Files (x86)\PICC\devices\16F628A.h" Line 120(22,25): Duplicate #define
>>> Warning 225 "C:\Program Files (x86)\PICC\devices\16F628A.h" Line 122(17,24): Duplicate #define
>>> Warning 225 "C:\Program Files (x86)\PICC\devices\16F628A.h" Line 123(17,24): Duplicate #define
>>> Warning 225 "C:\Program Files (x86)\PICC\devices\16F628A.h" Line 124(17,24): Duplicate #define
>>> Warning 225 "C:\Program Files (x86)\PICC\devices\16F628A.h" Line 125(17,24): Duplicate #define
>>> Warning 225 "C:\Program Files (x86)\PICC\devices\16F628A.h" Line 126(18,24): Duplicate #define
>>> Warning 225 "C:\Program Files (x86)\PICC\devices\16F628A.h" Line 127(18,24): Duplicate #define
>>> Warning 225 "C:\Program Files (x86)\PICC\devices\16F628A.h" Line 128(18,24): Duplicate #define
>>> Warning 225 "C:\Program Files (x86)\PICC\devices\16F628A.h" Line 129(19,24): Duplicate #define
>>> Warning 225 "C:\Program Files (x86)\PICC\devices\16F628A.h" Line 130(19,24): Duplicate #define
>>> Warning 225 "C:\Program Files (x86)\PICC\devices\16F628A.h" Line 133(17,29): Duplicate #define
>>> Warning 225 "C:\Program Files (x86)\PICC\devices\16F628A.h" Line 137(22,28): Duplicate #define
>>> Warning 225 "C:\Program Files (x86)\PICC\devices\16F628A.h" Line 138(24,32): Duplicate #define
>>> Warning 225 "C:\Program Files (x86)\PICC\devices\16F628A.h" Line 139(24,27): Duplicate #define
>>> Warning 225 "C:\Program Files (x86)\PICC\devices\16F628A.h" Line 140(19,26): Duplicate #define
>>> Warning 225 "C:\Program Files (x86)\PICC\devices\16F628A.h" Line 141(19,26): Duplicate #define
>>> Warning 225 "C:\Program Files (x86)\PICC\devices\16F628A.h" Line 142(19,26): Duplicate #define
>>> Warning 225 "C:\Program Files (x86)\PICC\devices\16F628A.h" Line 143(19,26): Duplicate #define
>>> Warning 225 "C:\Program Files (x86)\PICC\devices\16F628A.h" Line 144(20,26): Duplicate #define
>>> Warning 225 "C:\Program Files (x86)\PICC\devices\16F628A.h" Line 145(20,26): Duplicate #define
>>> Warning 225 "C:\Program Files (x86)\PICC\devices\16F628A.h" Line 146(20,26): Duplicate #define
>>> Warning 225 "C:\Program Files (x86)\PICC\devices\16F628A.h" Line 147(21,26): Duplicate #define
>>> Warning 225 "C:\Program Files (x86)\PICC\devices\16F628A.h" Line 148(21,26): Duplicate #define
>>> Warning 225 "C:\Program Files (x86)\PICC\devices\16F628A.h" Line 149(19,31): Duplicate #define
>>> Warning 225 "C:\Program Files (x86)\PICC\devices\16F628A.h" Line 164(17,29): Duplicate #define
>>> Warning 225 "C:\Program Files (x86)\PICC\devices\16F628A.h" Line 165(17,29): Duplicate #define
>>> Warning 225 "C:\Program Files (x86)\PICC\devices\16F628A.h" Line 166(17,29): Duplicate #define
>>> Warning 225 "C:\Program Files (x86)\PICC\devices\16F628A.h" Line 167(18,29): Duplicate #define
>>> Warning 225 "C:\Program Files (x86)\PICC\devices\16F628A.h" Line 168(18,29): Duplicate #define
>>> Warning 225 "C:\Program Files (x86)\PICC\devices\16F628A.h" Line 169(18,29): Duplicate #define
>>> Warning 225 "C:\Program Files (x86)\PICC\devices\16F628A.h" Line 170(19,29): Duplicate #define
>>> Warning 225 "C:\Program Files (x86)\PICC\devices\16F628A.h" Line 171(19,29): Duplicate #define
>>> Warning 225 "C:\Program Files (x86)\PICC\devices\16F628A.h" Line 182(20,30): Duplicate #define
>>> Warning 225 "C:\Program Files (x86)\PICC\devices\16F628A.h" Line 183(20,33): Duplicate #define
>>> Warning 225 "C:\Program Files (x86)\PICC\devices\16F628A.h" Line 184(20,33): Duplicate #define
>>> Warning 225 "C:\Program Files (x86)\PICC\devices\16F628A.h" Line 185(25,33): Duplicate #define
>>> Warning 225 "C:\Program Files (x86)\PICC\devices\16F628A.h" Line 187(19,30): Duplicate #define
>>> Warning 225 "C:\Program Files (x86)\PICC\devices\16F628A.h" Line 189(20,30): Duplicate #define
>>> Warning 225 "C:\Program Files (x86)\PICC\devices\16F628A.h" Line 190(20,33): Duplicate #define
>>> Warning 225 "C:\Program Files (x86)\PICC\devices\16F628A.h" Line 191(20,33): Duplicate #define
>>> Warning 225 "C:\Program Files (x86)\PICC\devices\16F628A.h" Line 192(20,33): Duplicate #define
>>> Warning 225 "C:\Program Files (x86)\PICC\devices\16F628A.h" Line 201(20,30): Duplicate #define
>>> Warning 225 "C:\Program Files (x86)\PICC\devices\16F628A.h" Line 202(20,30): Duplicate #define
>>> Warning 225 "C:\Program Files (x86)\PICC\devices\16F628A.h" Line 203(20,30): Duplicate #define
>>> Warning 225 "C:\Program Files (x86)\PICC\devices\16F628A.h" Line 204(21,31): Duplicate #define
>>> Warning 225 "C:\Program Files (x86)\PICC\devices\16F628A.h" Line 215(16,43): Duplicate #define
>>> Warning 225 "C:\Program Files (x86)\PICC\devices\16F628A.h" Line 216(23,46): Duplicate #define
>>> Warning 225 "C:\Program Files (x86)\PICC\devices\16F628A.h" Line 217(23,46): Duplicate #define
>>> Warning 225 "C:\Program Files (x86)\PICC\devices\16F628A.h" Line 218(26,46): Duplicate #define
>>> Warning 225 "C:\Program Files (x86)\PICC\devices\16F628A.h" Line 219(27,46): Duplicate #define
>>> Warning 225 "C:\Program Files (x86)\PICC\devices\16F628A.h" Line 220(33,46): Duplicate #define
>>> Warning 225 "C:\Program Files (x86)\PICC\devices\16F628A.h" Line 221(33,46): Duplicate #define
>>> Warning 225 "C:\Program Files (x86)\PICC\devices\16F628A.h" Line 222(24,63): Duplicate #define
>>> Warning 225 "C:\Program Files (x86)\PICC\devices\16F628A.h" Line 223(32,62): Duplicate #define
>>> Warning 225 "C:\Program Files (x86)\PICC\devices\16F628A.h" Line 224(16,50): Duplicate #define
>>> Warning 225 "C:\Program Files (x86)\PICC\devices\16F628A.h" Line 225(23,63): Duplicate #define
>>> Warning 225 "C:\Program Files (x86)\PICC\devices\16F628A.h" Line 226(23,63): Duplicate #define
>>> Warning 225 "C:\Program Files (x86)\PICC\devices\16F628A.h" Line 227(23,63): Duplicate #define
>>> Warning 238 "C:\Program Files (x86)\PICC\devices\16F628A.h" Line 230(2,6): Duplicate #locate
>>> Warning 238 "C:\Program Files (x86)\PICC\devices\16F628A.h" Line 231(2,6): Duplicate #locate
>>> Warning 238 "C:\Program Files (x86)\PICC\devices\16F628A.h" Line 231(61,63): Duplicate #locate
>>> Warning 225 "C:\Program Files (x86)\PICC\devices\16F628A.h" Line 244(21,33): Duplicate #define
>>> Warning 225 "C:\Program Files (x86)\PICC\devices\16F628A.h" Line 245(18,33): Duplicate #define
>>> Warning 225 "C:\Program Files (x86)\PICC\devices\16F628A.h" Line 251(20,29): Duplicate #define
>>> Warning 225 "C:\Program Files (x86)\PICC\devices\16F628A.h" Line 252(20,29): Duplicate #define
>>> Warning 225 "C:\Program Files (x86)\PICC\devices\16F628A.h" Line 253(20,29): Duplicate #define
>>> Warning 225 "C:\Program Files (x86)\PICC\devices\16F628A.h" Line 254(20,29): Duplicate #define
>>> Warning 225 "C:\Program Files (x86)\PICC\devices\16F628A.h" Line 255(20,29): Duplicate #define
>>> Warning 225 "C:\Program Files (x86)\PICC\devices\16F628A.h" Line 256(20,29): Duplicate #define
>>> Warning 225 "C:\Program Files (x86)\PICC\devices\16F628A.h" Line 257(33,41): Duplicate #define
>>> Warning 225 "C:\Program Files (x86)\PICC\devices\16F628A.h" Line 258(20,29): Duplicate #define
>>> Warning 225 "C:\Program Files (x86)\PICC\devices\16F628A.h" Line 259(19,29): Duplicate #define
>>> Warning 225 "C:\Program Files (x86)\PICC\devices\16F628A.h" Line 260(19,29): Duplicate #define
>>> Warning 238 "C:\Program Files (x86)\PICC\devices\16F628A.h" Line 263(2,5): Duplicate #locate
>>> Warning 238 "C:\Program Files (x86)\PICC\devices\16F628A.h" Line 263(18,20): Duplicate #locate
>>> Warning 225 "C:\Program Files (x86)\PICC\devices\16F628A.h" Line 269(17,23): Duplicate #define
>>> Warning 225 "C:\Program Files (x86)\PICC\devices\16F628A.h" Line 270(18,23): Duplicate #define
>>> Warning 225 "C:\Program Files (x86)\PICC\devices\16F628A.h" Line 272(16,23): Duplicate #define
>>> Warning 225 "C:\Program Files (x86)\PICC\devices\16F628A.h" Line 278(18,22): Duplicate #define
>>> Warning 225 "C:\Program Files (x86)\PICC\devices\16F628A.h" Line 279(17,22): Duplicate #define
>>> Warning 225 "C:\Program Files (x86)\PICC\devices\16F628A.h" Line 531(15,35): Duplicate #define
>>> Warning 225 "C:\Program Files (x86)\PICC\devices\16F628A.h" Line 532(15,35): Duplicate #define
>>> Warning 225 "C:\Program Files (x86)\PICC\devices\16F628A.h" Line 534(15,41): Duplicate #define
>>> Warning 225 "C:\Program Files (x86)\PICC\devices\16F628A.h" Line 535(15,41): Duplicate #define
>>> Warning 225 "C:\Program Files (x86)\PICC\devices\16F628A.h" Line 536(17,43): Duplicate #define
>>> Warning 225 "C:\Program Files (x86)\PICC\devices\16F628A.h" Line 537(15,45): Duplicate #define
>>> Warning 225 "C:\Program Files (x86)\PICC\devices\16F628A.h" Line 538(20,45): Duplicate #define
>>> Warning 225 "C:\Program Files (x86)\PICC\devices\16F628A.h" Line 539(20,45): Duplicate #define
>>> Warning 225 "C:\Program Files (x86)\PICC\devices\16F628A.h" Line 540(16,43): Duplicate #define
>>> Warning 225 "C:\Program Files (x86)\PICC\devices\16F628A.h" Line 541(16,43): Duplicate #define
>>> Warning 225 "C:\Program Files (x86)\PICC\devices\16F628A.h" Line 542(16,43): Duplicate #define
>>> Warning 225 "C:\Program Files (x86)\PICC\devices\16F628A.h" Line 543(19,43): Duplicate #define
>>> Warning 225 "C:\Program Files (x86)\PICC\devices\16F628A.h" Line 544(19,43): Duplicate #define
>>> Warning 225 "C:\Program Files (x86)\PICC\devices\16F628A.h" Line 545(17,43): Duplicate #define
>>> Warning 225 "C:\Program Files (x86)\PICC\devices\16F628A.h" Line 546(17,43): Duplicate #define
>>> Warning 225 "C:\Program Files (x86)\PICC\devices\16F628A.h" Line 547(19,43): Duplicate #define
>>> Warning 225 "C:\Program Files (x86)\PICC\devices\16F628A.h" Line 548(19,43): Duplicate #define
>>> Warning 203 "C:\Temp\Codigos MicroControladores\Codigos\piscaLed\main.c" Line 24(1,1): Condition always TRUE
      Memory usage:   ROM=3%      RAM=3% - 3%
      0 Errors,  133 Warnings.
Build Successful.
